TN:
SF:src\services\ReadJsonFile.ts
FN:12,getFile
FN:15,(anonymous_10)
FN:22,(anonymous_11)
FN:36,(anonymous_12)
FN:36,(anonymous_13)
FN:57,(anonymous_14)
FN:61,(anonymous_15)
FN:66,(anonymous_16)
FN:67,(anonymous_17)
FNF:9
FNH:9
FNDA:2,getFile
FNDA:2,(anonymous_10)
FNDA:2,(anonymous_11)
FNDA:1,(anonymous_12)
FNDA:1,(anonymous_13)
FNDA:3,(anonymous_14)
FNDA:268,(anonymous_15)
FNDA:1100,(anonymous_16)
FNDA:10,(anonymous_17)
DA:1,1
DA:2,1
DA:12,1
DA:13,2
DA:15,2
DA:19,2
DA:23,2
DA:24,0
DA:26,2
DA:27,2
DA:33,2
DA:36,1
DA:37,1
DA:38,1
DA:39,1
DA:40,1
DA:46,1
DA:47,1
DA:48,1
DA:50,1
DA:51,1
DA:54,1
DA:56,1
DA:57,3
DA:59,1
DA:60,1
DA:61,268
DA:64,1
DA:65,1
DA:66,1100
DA:68,10
DA:69,1
DA:71,9
DA:75,1
DA:76,1
DA:77,1
DA:78,1
DA:79,1
DA:80,1
DA:82,0
DA:84,1
DA:91,1
DA:94,0
LF:43
LH:40
BRDA:23,0,0,0
BRDA:23,0,1,2
BRDA:59,1,0,1
BRDA:59,1,1,0
BRDA:64,2,0,1
BRDA:64,2,1,0
BRDA:64,3,0,1
BRDA:64,3,1,1
BRDA:68,4,0,1
BRDA:68,4,1,9
BRDA:71,5,0,0
BRDA:71,5,1,9
BRDA:71,6,0,9
BRDA:71,6,1,9
BRF:14
BRH:10
end_of_record
TN:
SF:test-case\avaliableStock.spec.ts
FN:11,(anonymous_8)
FN:15,(anonymous_10)
FN:16,(anonymous_11)
FNF:3
FNH:3
FNDA:1,(anonymous_8)
FNDA:1,(anonymous_10)
FNDA:1,(anonymous_11)
DA:1,1
DA:2,1
DA:3,1
DA:5,1
DA:7,1
DA:8,1
DA:11,1
DA:12,1
DA:15,1
DA:16,1
DA:17,1
DA:21,1
DA:22,1
DA:23,1
DA:24,1
DA:27,1
DA:30,0
DA:35,1
LF:18
LH:17
BRDA:17,0,0,1
BRDA:17,0,1,0
BRDA:18,1,0,1
BRDA:18,1,1,1
BRDA:21,2,0,1
BRDA:21,2,1,0
BRF:6
BRH:4
end_of_record
